<?xml version="1.0" encoding="UTF-8"?>
<Site BuildName="(empty)"
	BuildStamp="20260610-0344-Experimental"
	Name="(empty)"
	Generator="ctest-4.3.3"
	CompilerName=""
	CompilerVersion=""
	OSName="Windows"
	Hostname="DESKTOP-DMMMP14"
	OSRelease="10.0.19045"
	OSVersion="Windows 10"
	OSPlatform="AMD64"
	Is64Bits="1"
	VendorString="GenuineIntel"
	VendorID="Intel Corporation"
	FamilyID="6"
	ModelID="13"
	ModelName=""
	ProcessorCacheSize="-1"
	NumberOfLogicalCPU="16"
	NumberOfPhysicalCPU="8"
	TotalVirtualMemory="16384"
	TotalPhysicalMemory="16163"
	LogicalProcessorsPerPhysical="2"
	ProcessorClockFrequency="2304.000000"
	>
	<Testing>
		<StartDateTime>Jun 13 07:44 SE Asia Standard Time</StartDateTime>
		<StartTestTime>1781311465</StartTestTime>
		<TestList/>
		<EndDateTime>Jun 13 07:44 SE Asia Standard Time</EndDateTime>
		<EndTestTime>1781311465</EndTestTime>
		<ElapsedMinutes>0</ElapsedMinutes>
	</Testing>
</Site>
